INFO:root:---------------Server intiated---------------
INFO:werkzeug: * Running on http://0.0.0.0:5000/ (Press CTRL+C to quit)
INFO:werkzeug:127.0.0.1 - - [05/Apr/2019 15:14:23] "GET / HTTP/1.1" 200 -
INFO:root:---------------Server intiated---------------
INFO:werkzeug: * Running on http://0.0.0.0:5000/ (Press CTRL+C to quit)
ERROR:flask.app:Exception on / [GET]
Traceback (most recent call last):
  File "C:\Users\Evan Jelly\repos\.venv\lib\site-packages\flask\app.py", line 2292, in wsgi_app
    response = self.full_dispatch_request()
  File "C:\Users\Evan Jelly\repos\.venv\lib\site-packages\flask\app.py", line 1815, in full_dispatch_request
    rv = self.handle_user_exception(e)
  File "C:\Users\Evan Jelly\repos\.venv\lib\site-packages\flask\app.py", line 1718, in handle_user_exception
    reraise(exc_type, exc_value, tb)
  File "C:\Users\Evan Jelly\repos\.venv\lib\site-packages\flask\_compat.py", line 35, in reraise
    raise value
  File "C:\Users\Evan Jelly\repos\.venv\lib\site-packages\flask\app.py", line 1813, in full_dispatch_request
    rv = self.dispatch_request()
  File "C:\Users\Evan Jelly\repos\.venv\lib\site-packages\flask\app.py", line 1799, in dispatch_request
    return self.view_functions[rule.endpoint](**req.view_args)
  File "final_server.py", line 66, in server_on
    return render_template('index.html')
  File "C:\Users\Evan Jelly\repos\.venv\lib\site-packages\flask\templating.py", line 134, in render_template
    return _render(ctx.app.jinja_env.get_or_select_template(template_name_or_list),
  File "C:\Users\Evan Jelly\repos\.venv\lib\site-packages\jinja2\environment.py", line 869, in get_or_select_template
    return self.get_template(template_name_or_list, parent, globals)
  File "C:\Users\Evan Jelly\repos\.venv\lib\site-packages\jinja2\environment.py", line 830, in get_template
    return self._load_template(name, self.make_globals(globals))
  File "C:\Users\Evan Jelly\repos\.venv\lib\site-packages\jinja2\environment.py", line 804, in _load_template
    template = self.loader.load(self, name, globals)
  File "C:\Users\Evan Jelly\repos\.venv\lib\site-packages\jinja2\loaders.py", line 113, in load
    source, filename, uptodate = self.get_source(environment, name)
  File "C:\Users\Evan Jelly\repos\.venv\lib\site-packages\flask\templating.py", line 58, in get_source
    return self._get_source_fast(environment, template)
  File "C:\Users\Evan Jelly\repos\.venv\lib\site-packages\flask\templating.py", line 86, in _get_source_fast
    raise TemplateNotFound(template)
jinja2.exceptions.TemplateNotFound: index.html
INFO:werkzeug:127.0.0.1 - - [05/Apr/2019 15:16:54] "GET / HTTP/1.1" 500 -
